
===========================================================================
Model "Board" exists. Name "PRT0001" used instead.
===========================================================================

===========================================================================
Model "cap_0402" exists. Name "PRT0002" used instead.
===========================================================================

===========================================================================
Model "C169" exists. Name "ASM0002" used instead.
===========================================================================

===========================================================================
Model "C132" exists. Name "ASM0003" used instead.
===========================================================================

===========================================================================
Model "C131" exists. Name "ASM0004" used instead.
===========================================================================

===========================================================================
Model "C130" exists. Name "ASM0005" used instead.
===========================================================================

===========================================================================
Model "C140" exists. Name "ASM0006" used instead.
===========================================================================

===========================================================================
Model "C139" exists. Name "ASM0007" used instead.
===========================================================================

===========================================================================
Model "C138" exists. Name "ASM0008" used instead.
===========================================================================

===========================================================================
Model "C137" exists. Name "ASM0009" used instead.
===========================================================================

===========================================================================
Model "C97" exists. Name "ASM0010" used instead.
===========================================================================

===========================================================================
Model "C105" exists. Name "ASM0011" used instead.
===========================================================================

===========================================================================
Model "C104" exists. Name "ASM0012" used instead.
===========================================================================

===========================================================================
Model "C106" exists. Name "ASM0013" used instead.
===========================================================================

===========================================================================
Model "C98" exists. Name "ASM0014" used instead.
===========================================================================

===========================================================================
Model "C107" exists. Name "ASM0015" used instead.
===========================================================================

===========================================================================
Model "cap_0805" exists. Name "PRT0003" used instead.
===========================================================================

===========================================================================
Model "C110" exists. Name "ASM0016" used instead.
===========================================================================

===========================================================================
Model "C94" exists. Name "ASM0017" used instead.
===========================================================================

===========================================================================
Model "C93" exists. Name "ASM0018" used instead.
===========================================================================

===========================================================================
Model "C91" exists. Name "ASM0019" used instead.
===========================================================================

===========================================================================
Model "C90" exists. Name "ASM0020" used instead.
===========================================================================

===========================================================================
Model "C89" exists. Name "ASM0021" used instead.
===========================================================================

===========================================================================
Model "C88" exists. Name "ASM0022" used instead.
===========================================================================

===========================================================================
Model "C87" exists. Name "ASM0023" used instead.
===========================================================================

===========================================================================
Model "C86" exists. Name "ASM0024" used instead.
===========================================================================

===========================================================================
Model "C85" exists. Name "ASM0025" used instead.
===========================================================================

===========================================================================
Model "C84" exists. Name "ASM0026" used instead.
===========================================================================

===========================================================================
Model "C83" exists. Name "ASM0027" used instead.
===========================================================================

===========================================================================
Model "C82" exists. Name "ASM0028" used instead.
===========================================================================

===========================================================================
Model "C81" exists. Name "ASM0029" used instead.
===========================================================================

===========================================================================
Model "C80" exists. Name "ASM0030" used instead.
===========================================================================

===========================================================================
Model "C79" exists. Name "ASM0031" used instead.
===========================================================================

===========================================================================
Model "C78" exists. Name "ASM0032" used instead.
===========================================================================

===========================================================================
Model "C77" exists. Name "ASM0033" used instead.
===========================================================================

===========================================================================
Model "C76" exists. Name "ASM0034" used instead.
===========================================================================

===========================================================================
Model "C75" exists. Name "ASM0035" used instead.
===========================================================================

===========================================================================
Model "C74" exists. Name "ASM0036" used instead.
===========================================================================

===========================================================================
Model "C73" exists. Name "ASM0037" used instead.
===========================================================================

===========================================================================
Model "C72" exists. Name "ASM0038" used instead.
===========================================================================

===========================================================================
Model "C70" exists. Name "ASM0039" used instead.
===========================================================================

===========================================================================
Model "C69" exists. Name "ASM0040" used instead.
===========================================================================

===========================================================================
Model "C68" exists. Name "ASM0041" used instead.
===========================================================================

===========================================================================
Model "C67" exists. Name "ASM0042" used instead.
===========================================================================

===========================================================================
Model "C66" exists. Name "ASM0043" used instead.
===========================================================================

===========================================================================
Model "C65" exists. Name "ASM0044" used instead.
===========================================================================

===========================================================================
Model "C64" exists. Name "ASM0045" used instead.
===========================================================================

===========================================================================
Model "C63" exists. Name "ASM0046" used instead.
===========================================================================

===========================================================================
Model "C62" exists. Name "ASM0047" used instead.
===========================================================================

===========================================================================
Model "C61" exists. Name "ASM0048" used instead.
===========================================================================

===========================================================================
Model "C60" exists. Name "ASM0049" used instead.
===========================================================================

===========================================================================
Model "C59" exists. Name "ASM0050" used instead.
===========================================================================

===========================================================================
Model "C112" exists. Name "ASM0051" used instead.
===========================================================================

===========================================================================
Model "C58" exists. Name "ASM0052" used instead.
===========================================================================

===========================================================================
Model "C57" exists. Name "ASM0053" used instead.
===========================================================================

===========================================================================
Model "C56" exists. Name "ASM0054" used instead.
===========================================================================

===========================================================================
Model "C43" exists. Name "ASM0055" used instead.
===========================================================================

===========================================================================
Model "C42" exists. Name "ASM0056" used instead.
===========================================================================

===========================================================================
Model "C41" exists. Name "ASM0057" used instead.
===========================================================================

===========================================================================
Model "C40" exists. Name "ASM0058" used instead.
===========================================================================

===========================================================================
Model "C39" exists. Name "ASM0059" used instead.
===========================================================================

===========================================================================
Model "C38" exists. Name "ASM0060" used instead.
===========================================================================

===========================================================================
Model "C37" exists. Name "ASM0061" used instead.
===========================================================================

===========================================================================
Model "C36" exists. Name "ASM0062" used instead.
===========================================================================

===========================================================================
Model "C35" exists. Name "ASM0063" used instead.
===========================================================================

===========================================================================
Model "C34" exists. Name "ASM0064" used instead.
===========================================================================

===========================================================================
Model "C33" exists. Name "ASM0065" used instead.
===========================================================================

===========================================================================
Model "C32" exists. Name "ASM0066" used instead.
===========================================================================

===========================================================================
Model "C71" exists. Name "ASM0067" used instead.
===========================================================================

===========================================================================
Model "C31" exists. Name "ASM0068" used instead.
===========================================================================

===========================================================================
Model "C30" exists. Name "ASM0069" used instead.
===========================================================================

===========================================================================
Model "C29" exists. Name "ASM0070" used instead.
===========================================================================

===========================================================================
Model "C28" exists. Name "ASM0071" used instead.
===========================================================================

===========================================================================
Model "C55" exists. Name "ASM0072" used instead.
===========================================================================

===========================================================================
Model "C54" exists. Name "ASM0073" used instead.
===========================================================================

===========================================================================
Model "C53" exists. Name "ASM0074" used instead.
===========================================================================

===========================================================================
Model "C52" exists. Name "ASM0075" used instead.
===========================================================================

===========================================================================
Model "C51" exists. Name "ASM0076" used instead.
===========================================================================

===========================================================================
Model "C50" exists. Name "ASM0077" used instead.
===========================================================================

===========================================================================
Model "C49" exists. Name "ASM0078" used instead.
===========================================================================

===========================================================================
Model "C48" exists. Name "ASM0079" used instead.
===========================================================================

===========================================================================
Model "C47" exists. Name "ASM0080" used instead.
===========================================================================

===========================================================================
Model "C46" exists. Name "ASM0081" used instead.
===========================================================================

===========================================================================
Model "C45" exists. Name "ASM0082" used instead.
===========================================================================

===========================================================================
Model "C44" exists. Name "ASM0083" used instead.
===========================================================================

===========================================================================
Model "C27" exists. Name "ASM0084" used instead.
===========================================================================

===========================================================================
Model "C26" exists. Name "ASM0085" used instead.
===========================================================================

===========================================================================
Model "C25" exists. Name "ASM0086" used instead.
===========================================================================

===========================================================================
Model "C24" exists. Name "ASM0087" used instead.
===========================================================================

===========================================================================
Model "C23" exists. Name "ASM0088" used instead.
===========================================================================

===========================================================================
Model "C22" exists. Name "ASM0089" used instead.
===========================================================================

===========================================================================
Model "C21" exists. Name "ASM0090" used instead.
===========================================================================

===========================================================================
Model "C20" exists. Name "ASM0091" used instead.
===========================================================================

===========================================================================
Model "C19" exists. Name "ASM0092" used instead.
===========================================================================

===========================================================================
Model "C18" exists. Name "ASM0093" used instead.
===========================================================================

===========================================================================
Model "C17" exists. Name "ASM0094" used instead.
===========================================================================

===========================================================================
Model "C16" exists. Name "ASM0095" used instead.
===========================================================================

===========================================================================
Model "C15" exists. Name "ASM0096" used instead.
===========================================================================

===========================================================================
Model "C14" exists. Name "ASM0097" used instead.
===========================================================================

===========================================================================
Model "C13" exists. Name "ASM0098" used instead.
===========================================================================

===========================================================================
Model "C12" exists. Name "ASM0099" used instead.
===========================================================================

===========================================================================
Model "C11" exists. Name "ASM0100" used instead.
===========================================================================

===========================================================================
Model "C10" exists. Name "ASM0101" used instead.
===========================================================================

===========================================================================
Model "C9" exists. Name "ASM0102" used instead.
===========================================================================

===========================================================================
Model "C8" exists. Name "ASM0103" used instead.
===========================================================================

===========================================================================
Model "C7" exists. Name "ASM0104" used instead.
===========================================================================

===========================================================================
Model "C6" exists. Name "ASM0105" used instead.
===========================================================================

===========================================================================
Model "C5" exists. Name "ASM0106" used instead.
===========================================================================

===========================================================================
Model "C4" exists. Name "ASM0107" used instead.
===========================================================================

===========================================================================
Model "C3" exists. Name "ASM0108" used instead.
===========================================================================

===========================================================================
Model "C109" exists. Name "ASM0109" used instead.
===========================================================================

===========================================================================
Model "B_case" exists. Name "PRT0004" used instead.
===========================================================================

===========================================================================
Model "C120" exists. Name "ASM0110" used instead.
===========================================================================

===========================================================================
Model "C121" exists. Name "ASM0111" used instead.
===========================================================================

===========================================================================
Model "C111" exists. Name "ASM0112" used instead.
===========================================================================

===========================================================================
Model "C1" exists. Name "ASM0113" used instead.
===========================================================================

===========================================================================
Model "Extruded-52662" exists. Name "PRT0005" used instead.
===========================================================================

===========================================================================
Model "FILT1" exists. Name "ASM0114" used instead.
===========================================================================

===========================================================================
Model "FILT3" exists. Name "ASM0115" used instead.
===========================================================================

===========================================================================
Model "FILT2" exists. Name "ASM0116" used instead.
===========================================================================

===========================================================================
Model "Open_CASCADE_STEP_transla-53195" exists. Name "PRT0006" used instead.
===========================================================================

===========================================================================
Model "Open_CASCADE_STEP_transla-56398" exists. Name "PRT0007" used instead.
===========================================================================

===========================================================================
Model "022032021" exists. Name "ASM0118" used instead.
===========================================================================

===========================================================================
Model "JP2" exists. Name "ASM0117" used instead.
===========================================================================

===========================================================================
Model "SW3dPS-0603_SMD_Resistor" exists. Name "PRT0008" used instead.
===========================================================================

===========================================================================
Model "R32" exists. Name "ASM0119" used instead.
===========================================================================

===========================================================================
Model "U1" exists. Name "ASM0120" used instead.
===========================================================================

===========================================================================
Model "C99" exists. Name "ASM0121" used instead.
===========================================================================

===========================================================================
Model "cap_1210" exists. Name "PRT0009" used instead.
===========================================================================

===========================================================================
Model "C115" exists. Name "ASM0122" used instead.
===========================================================================

===========================================================================
Model "C114" exists. Name "ASM0123" used instead.
===========================================================================

===========================================================================
Model "C108" exists. Name "ASM0124" used instead.
===========================================================================

===========================================================================
Model "C101" exists. Name "ASM0125" used instead.
===========================================================================

===========================================================================
Model "C95" exists. Name "ASM0126" used instead.
===========================================================================

===========================================================================
Model "C96" exists. Name "ASM0127" used instead.
===========================================================================

===========================================================================
Model "c-6367550-5-a3-3d" exists. Name "PRT0010" used instead.
===========================================================================

===========================================================================
Model "J1" exists. Name "ASM0128" used instead.
===========================================================================

===========================================================================
Model "SMA-SKT-005-X" exists. Name "PRT0011" used instead.
===========================================================================

===========================================================================
Model "SMA-INS-XXX_-006" exists. Name "PRT0012" used instead.
===========================================================================

===========================================================================
Model "SMA-J-P-X-ST-EM1-SHL_ASSEMBLY" exists. Name "PRT0013" used instead.
===========================================================================

===========================================================================
Model "SMA-J-P-X-ST-EM1" exists. Name "ASM0130" used instead.
===========================================================================

===========================================================================
Model "J2" exists. Name "ASM0129" used instead.
===========================================================================

===========================================================================
Model "J3" exists. Name "ASM0131" used instead.
===========================================================================

===========================================================================
Model "J4" exists. Name "ASM0132" used instead.
===========================================================================

===========================================================================
Model "JP1" exists. Name "ASM0133" used instead.
===========================================================================

===========================================================================
Model "T-1S6_TSM-02-DV__-08_" exists. Name "PRT0014" used instead.
===========================================================================

===========================================================================
Model "TSM-XX-SV-XX_Formula" exists. Name "PRT0015" used instead.
===========================================================================

===========================================================================
Model "TSM-105-01-X-SV" exists. Name "ASM0135" used instead.
===========================================================================

===========================================================================
Model "J5" exists. Name "ASM0134" used instead.
===========================================================================

===========================================================================
Model "R12" exists. Name "ASM0136" used instead.
===========================================================================

===========================================================================
Model "R13" exists. Name "ASM0137" used instead.
===========================================================================

===========================================================================
Model "R14" exists. Name "ASM0138" used instead.
===========================================================================

===========================================================================
Model "R23" exists. Name "ASM0139" used instead.
===========================================================================

===========================================================================
Model "R22" exists. Name "ASM0140" used instead.
===========================================================================

===========================================================================
Model "sot238" exists. Name "PRT0016" used instead.
===========================================================================

===========================================================================
Model "U6" exists. Name "ASM0141" used instead.
===========================================================================

===========================================================================
Model "U4" exists. Name "ASM0142" used instead.
===========================================================================

===========================================================================
Model "U3" exists. Name "ASM0143" used instead.
===========================================================================

===========================================================================
Model "User_Library-SOIC-8_SOIC-8_Body" exists. Name "PRT0017" used instead.
===========================================================================

===========================================================================
Model "User_Library-SOIC-8_SOIC-8_Pins" exists. Name "PRT0018" used instead.
===========================================================================

===========================================================================
Model "SOIC-8" exists. Name "ASM0145" used instead.
===========================================================================

===========================================================================
Model "U5" exists. Name "ASM0144" used instead.
===========================================================================

===========================================================================
Model "R15" exists. Name "ASM0146" used instead.
===========================================================================

===========================================================================
Model "U2" exists. Name "ASM0147" used instead.
===========================================================================

===========================================================================
Model "C2" exists. Name "ASM0148" used instead.
===========================================================================

===========================================================================
Model "C122" exists. Name "ASM0149" used instead.
===========================================================================

===========================================================================
Model "C123" exists. Name "ASM0150" used instead.
===========================================================================

===========================================================================
Model "C127" exists. Name "ASM0151" used instead.
===========================================================================

===========================================================================
Model "C117" exists. Name "ASM0152" used instead.
===========================================================================

===========================================================================
Model "C116" exists. Name "ASM0153" used instead.
===========================================================================

===========================================================================
Model "C119" exists. Name "ASM0154" used instead.
===========================================================================

===========================================================================
Model "C118" exists. Name "ASM0155" used instead.
===========================================================================

===========================================================================
Model "C126" exists. Name "ASM0156" used instead.
===========================================================================

===========================================================================
Model "R33" exists. Name "ASM0157" used instead.
===========================================================================

===========================================================================
Model "U11" exists. Name "ASM0158" used instead.
===========================================================================

===========================================================================
Model "U12" exists. Name "ASM0159" used instead.
===========================================================================

===========================================================================
Model "C92" exists. Name "ASM0160" used instead.
===========================================================================

===========================================================================
Model "C100" exists. Name "ASM0161" used instead.
===========================================================================

===========================================================================
Model "R27" exists. Name "ASM0162" used instead.
===========================================================================

===========================================================================
Model "R26" exists. Name "ASM0163" used instead.
===========================================================================

===========================================================================
Model "U7" exists. Name "ASM0164" used instead.
===========================================================================

===========================================================================
Model "BODY_TS3B" exists. Name "PRT0019" used instead.
===========================================================================

===========================================================================
Model "HTSINK_TS3B" exists. Name "PRT0020" used instead.
===========================================================================

===========================================================================
Model "LEAD_TS3B" exists. Name "PRT0021" used instead.
===========================================================================

===========================================================================
Model "to-263-3" exists. Name "ASM0166" used instead.
===========================================================================

===========================================================================
Model "U13" exists. Name "ASM0165" used instead.
===========================================================================

===========================================================================
Model "C124" exists. Name "ASM0167" used instead.
===========================================================================

===========================================================================
Model "C125" exists. Name "ASM0168" used instead.
===========================================================================

===========================================================================
Model "C128" exists. Name "ASM0169" used instead.
===========================================================================

===========================================================================
Model "C129" exists. Name "ASM0170" used instead.
===========================================================================

===========================================================================
Model "U14" exists. Name "ASM0171" used instead.
===========================================================================

===========================================================================
Model "C103" exists. Name "ASM0172" used instead.
===========================================================================

===========================================================================
Model "C102" exists. Name "ASM0173" used instead.
===========================================================================

===========================================================================
Model "C113" exists. Name "ASM0174" used instead.
===========================================================================

===========================================================================
Model "U10" exists. Name "ASM0175" used instead.
===========================================================================

===========================================================================
Model "SW3dPS-TQFN-20_TQFN-20_Connecto" exists. Name "ASM0178" used instead.
===========================================================================

===========================================================================
Model "SW3dPS-TQFN-20_TQFN-20_Body" exists. Name "PRT0022" used instead.
===========================================================================

===========================================================================
Model "SW3dPS-TQFN-20" exists. Name "ASM0177" used instead.
===========================================================================

===========================================================================
Model "U8" exists. Name "ASM0176" used instead.
===========================================================================

===========================================================================
Model "U9" exists. Name "ASM0179" used instead.
===========================================================================

===========================================================================
Model "R28" exists. Name "ASM0180" used instead.
===========================================================================

===========================================================================
Model "R29" exists. Name "ASM0181" used instead.
===========================================================================

===========================================================================
Model "R30" exists. Name "ASM0182" used instead.
===========================================================================

===========================================================================
Model "R31" exists. Name "ASM0183" used instead.
===========================================================================

===========================================================================
Model "R1" exists. Name "ASM0184" used instead.
===========================================================================

===========================================================================
Model "R2" exists. Name "ASM0185" used instead.
===========================================================================

===========================================================================
Model "R5" exists. Name "ASM0186" used instead.
===========================================================================

===========================================================================
Model "R16" exists. Name "ASM0187" used instead.
===========================================================================

===========================================================================
Model "R17" exists. Name "ASM0188" used instead.
===========================================================================

===========================================================================
Model "R34" exists. Name "ASM0189" used instead.
===========================================================================

===========================================================================
Model "R3" exists. Name "ASM0190" used instead.
===========================================================================

===========================================================================
Model "R4" exists. Name "ASM0191" used instead.
===========================================================================

===========================================================================
Model "R9" exists. Name "ASM0192" used instead.
===========================================================================

===========================================================================
Model "R10" exists. Name "ASM0193" used instead.
===========================================================================

===========================================================================
Model "R18" exists. Name "ASM0194" used instead.
===========================================================================

===========================================================================
Model "R19" exists. Name "ASM0195" used instead.
===========================================================================

===========================================================================
Model "R20" exists. Name "ASM0196" used instead.
===========================================================================

===========================================================================
Model "R21" exists. Name "ASM0197" used instead.
===========================================================================

===========================================================================
Model "R24" exists. Name "ASM0198" used instead.
===========================================================================

===========================================================================
Model "R25" exists. Name "ASM0199" used instead.
===========================================================================

===========================================================================
Model "R11" exists. Name "ASM0200" used instead.
===========================================================================

===========================================================================
Model "R6" exists. Name "ASM0201" used instead.
===========================================================================

===========================================================================
Model "R7" exists. Name "ASM0202" used instead.
===========================================================================

===========================================================================
Model "R8" exists. Name "ASM0203" used instead.
===========================================================================

===========================================================================
Model "C133" exists. Name "ASM0204" used instead.
===========================================================================

===========================================================================
Model "C134" exists. Name "ASM0205" used instead.
===========================================================================

===========================================================================
Model "C147" exists. Name "ASM0206" used instead.
===========================================================================

===========================================================================
Model "C148" exists. Name "ASM0207" used instead.
===========================================================================

===========================================================================
Model "C149" exists. Name "ASM0208" used instead.
===========================================================================

===========================================================================
Model "C150" exists. Name "ASM0209" used instead.
===========================================================================

===========================================================================
Model "C151" exists. Name "ASM0210" used instead.
===========================================================================

===========================================================================
Model "C152" exists. Name "ASM0211" used instead.
===========================================================================

===========================================================================
Model "C141" exists. Name "ASM0212" used instead.
===========================================================================

===========================================================================
Model "C142" exists. Name "ASM0213" used instead.
===========================================================================

===========================================================================
Model "C143" exists. Name "ASM0214" used instead.
===========================================================================

===========================================================================
Model "C144" exists. Name "ASM0215" used instead.
===========================================================================

===========================================================================
Model "C145" exists. Name "ASM0216" used instead.
===========================================================================

===========================================================================
Model "C146" exists. Name "ASM0217" used instead.
===========================================================================

===========================================================================
Model "C135" exists. Name "ASM0218" used instead.
===========================================================================

===========================================================================
Model "C136" exists. Name "ASM0219" used instead.
===========================================================================

===========================================================================
Model "C153" exists. Name "ASM0220" used instead.
===========================================================================

===========================================================================
Model "C154" exists. Name "ASM0221" used instead.
===========================================================================

===========================================================================
Model "C155" exists. Name "ASM0222" used instead.
===========================================================================

===========================================================================
Model "C156" exists. Name "ASM0223" used instead.
===========================================================================

===========================================================================
Model "C157" exists. Name "ASM0224" used instead.
===========================================================================

===========================================================================
Model "C158" exists. Name "ASM0225" used instead.
===========================================================================

===========================================================================
Model "C159" exists. Name "ASM0226" used instead.
===========================================================================

===========================================================================
Model "C160" exists. Name "ASM0227" used instead.
===========================================================================

===========================================================================
Model "C161" exists. Name "ASM0228" used instead.
===========================================================================

===========================================================================
Model "C162" exists. Name "ASM0229" used instead.
===========================================================================

===========================================================================
Model "C163" exists. Name "ASM0230" used instead.
===========================================================================

===========================================================================
Model "C164" exists. Name "ASM0231" used instead.
===========================================================================

===========================================================================
Model "C165" exists. Name "ASM0232" used instead.
===========================================================================

===========================================================================
Model "C166" exists. Name "ASM0233" used instead.
===========================================================================

===========================================================================
Model "C167" exists. Name "ASM0234" used instead.
===========================================================================

===========================================================================
Model "C168" exists. Name "ASM0235" used instead.
===========================================================================

===========================================================================
Model "C170" exists. Name "ASM0236" used instead.
===========================================================================

===========================================================================
Model "C171" exists. Name "ASM0237" used instead.
===========================================================================

===========================================================================
Model "C172" exists. Name "ASM0238" used instead.
===========================================================================

===========================================================================
Model "PCB" exists. Name "ASM0001" used instead.
===========================================================================
