[09:41:07] System language is English
[09:41:07] Completed pre-event loop tasks in 0.38 sec
[09:41:07] adlmInitialize
[09:41:07] adlmHandleOpen
[09:41:07] adlmHandleSetSilentMode
[09:41:07] adlmLicenseCreate
[09:41:07] ADLM: startup success
[09:41:07] License path is C:\Program Files\Autodesk\Simulation CFD 2013\licpath.lic
[09:41:07] Initializing license manager...
[09:41:07] Checkout - Feature:CFD UI Version:2013.0.0.F Product Key:812E1 Product Code:SCDSE
[09:41:07] Checkout - adlmLicenseCheckout:start
[09:41:09] Checkout - ret:0
[09:41:09] Command:lmutil lmborrow -status
[09:41:09] WorkDir:
[09:41:09] Output:
[09:41:09]   lmutil - Copyright (c) 1989-2011 Flexera Software, Inc. All Rights Reserved.
[09:41:09] Checkout - Feature:CFD UI Success
[09:41:09] Checkout done
[09:41:09] Initialized licensing in 1.64 sec
[09:41:16] Created main window in 7.088 sec
[09:41:16] Loaded layout in 0 sec
[09:41:16] Completed post-event loop tasks in 9.037 sec
[09:41:16] Starting web check
[09:41:18] Processing web data
[09:41:36] External fragmentation is 0
[09:41:36] Internal fragmentation is 0.963916
[09:41:36] External fragmentation is 0.0346921
[09:41:36] Internal fragmentation is 0.0117828
[09:41:44] External fragmentation is 0
[09:41:44] Internal fragmentation is 0.00166611
[09:41:44] External fragmentation is 0
[09:41:44] Internal fragmentation is 0.00166765
[09:41:45] External fragmentation is 0
[09:41:45] Internal fragmentation is 0.00164822
[09:41:46] External fragmentation is 0
[09:41:46] Internal fragmentation is 0.00166756
[09:41:47] CadPackage:CP_GRANITE CadInterface:4
[09:41:47] Checkout - Feature:CFD Wildfire Version:2013.0.0.F Product Key:822E1 Product Code:SCPROE
[09:41:47] Checkout - adlmLicenseCheckout:start
[09:41:48] Checkout - ret:0
[09:41:48] Command:lmutil lmborrow -status
[09:41:48] WorkDir:
[09:41:48] Output:
[09:41:48]   lmutil - Copyright (c) 1989-2011 Flexera Software, Inc. All Rights Reserved.
[09:41:48] Checkout - Feature:CFD Wildfire Success
[09:41:48] Checkout done
[09:42:35] External fragmentation is 0
[09:42:35] Internal fragmentation is 0.961621
[09:42:35] External fragmentation is 0.0172712
[09:42:35] Internal fragmentation is 0.0204864
[09:42:39] External fragmentation is 0
[09:42:39] Internal fragmentation is 0.0686662
[09:42:40] External fragmentation is 0.0110865
[09:42:40] Internal fragmentation is 0.0253819
[09:42:43] External fragmentation is 0
[09:42:43] Internal fragmentation is 0.0967079
[09:42:43] CadPackage:CP_GRANITE CadInterface:4
[09:42:43] Checkout - Feature:CFD Wildfire Version:2013.0.0.F Product Key:822E1 Product Code:SCPROE
[09:42:43] Checkout - adlmLicenseCheckout:start
[09:42:44] Checkout - ret:0
[09:42:44] Command:lmutil lmborrow -status
[09:42:44] WorkDir:
[09:42:44] Output:
[09:42:44]   lmutil - Copyright (c) 1989-2011 Flexera Software, Inc. All Rights Reserved.
[09:42:44] Checkout - Feature:CFD Wildfire Success
[09:42:44] Checkout done
[09:42:44] CadPackage:CP_GRANITE CadInterface:4
[09:42:44] Checkout - Feature:CFD Wildfire Version:2013.0.0.F Product Key:822E1 Product Code:SCPROE
[09:42:44] Checkout - adlmLicenseCheckout:start
[09:42:45] Checkout - ret:0
[09:42:45] Command:lmutil lmborrow -status
[09:42:45] WorkDir:
[09:42:45] Output:
[09:42:45]   lmutil - Copyright (c) 1989-2011 Flexera Software, Inc. All Rights Reserved.
[09:42:45] Checkout - Feature:CFD Wildfire Success
[09:42:45] Checkout done
[09:43:16] Command:lmutil lmborrow -status
[09:43:16] WorkDir:
[09:43:16] Output:
[09:43:16]   lmutil - Copyright (c) 1989-2011 Flexera Software, Inc. All Rights Reserved.
[09:43:17] 2012.12.11.digitiser_edm_concept_rough/Design 1/Scenario 1 job started at Thu 15. Nov 09:43:17 2012 on PHIL-PC
[09:43:18] 2012.12.11.digitiser_edm_concept_rough/Design 1/Scenario 1 mesher started at Thu 15. Nov 09:43:18 2012 on PHIL-PC
[09:43:33] Command:lmutil lmborrow -status
[09:43:33] WorkDir:
[09:43:33] Output:
[09:43:33]   lmutil - Copyright (c) 1989-2011 Flexera Software, Inc. All Rights Reserved.
[09:48:51] 2012.12.11.digitiser_edm_concept_rough/Design 1/Scenario 1 mesher finished at Thu 15. Nov 09:46:14 2012 on PHIL-PC with code = 0
[09:48:55] Mesher finished copying files
[09:48:55] 2012.12.11.digitiser_edm_concept_rough/Design 1/Scenario 1 solver started at Thu 15. Nov 09:46:15 2012 on PHIL-PC
[09:48:55] getJobUpdate start
[09:48:58] getJobUpdate finished
[09:49:11] getJobUpdate start
[09:49:11] getJobUpdate finished
[09:49:31] getJobUpdate start
[09:49:32] getJobUpdate finished
[09:49:52] getJobUpdate start
[09:49:52] getJobUpdate finished
[09:50:13] getJobUpdate start
[09:50:14] getJobUpdate finished
[09:50:38] getJobUpdate start
[09:50:39] getJobUpdate finished
[09:51:03] getJobUpdate start
[09:51:04] getJobUpdate finished
[09:51:28] getJobUpdate start
[09:51:29] getJobUpdate finished
[09:51:53] getJobUpdate start
[09:51:53] getJobUpdate finished
[09:52:18] getJobUpdate start
[09:52:18] getJobUpdate finished
[09:52:42] getJobUpdate start
[09:52:43] getJobUpdate finished
[09:53:06] getJobUpdate start
[09:53:07] getJobUpdate finished
[09:53:32] getJobUpdate start
[09:53:32] getJobUpdate finished
[09:53:56] getJobUpdate start
[09:53:57] getJobUpdate finished
[09:54:22] getJobUpdate start
[09:54:22] getJobUpdate finished
[09:54:47] getJobUpdate start
[09:54:47] getJobUpdate finished
[09:55:12] getJobUpdate start
[09:55:12] getJobUpdate finished
[09:55:38] getJobUpdate start
[09:55:38] getJobUpdate finished
[09:56:03] getJobUpdate start
[09:56:04] getJobUpdate finished
[09:56:29] getJobUpdate start
[09:56:29] getJobUpdate finished
[09:56:55] getJobUpdate start
[09:56:55] getJobUpdate finished
[09:57:20] getJobUpdate start
[09:57:21] getJobUpdate finished
[09:57:46] getJobUpdate start
[09:57:46] getJobUpdate finished
[09:58:12] getJobUpdate start
[09:58:12] getJobUpdate finished
[09:58:38] getJobUpdate start
[09:58:38] getJobUpdate finished
[09:59:04] getJobUpdate start
[09:59:05] getJobUpdate finished
[09:59:31] getJobUpdate start
[09:59:32] getJobUpdate finished
[09:59:59] getJobUpdate start
[09:59:59] getJobUpdate finished
[10:00:26] getJobUpdate start
[10:00:26] getJobUpdate finished
[10:00:54] getJobUpdate start
[10:00:54] getJobUpdate finished
[10:01:21] getJobUpdate start
[10:01:21] getJobUpdate finished
[10:01:49] getJobUpdate start
[10:01:50] getJobUpdate finished
[10:02:22] getJobUpdate start
[10:02:22] getJobUpdate finished
[10:02:51] getJobUpdate start
[10:02:51] getJobUpdate finished
[10:03:26] getJobUpdate start
[10:03:26] getJobUpdate finished
[10:04:00] getJobUpdate start
[10:04:00] getJobUpdate finished
[10:04:34] getJobUpdate start
[10:04:35] getJobUpdate finished
[10:05:09] getJobUpdate start
[10:05:09] getJobUpdate finished
[10:05:37] getJobUpdate start
[10:05:38] getJobUpdate finished
[10:06:11] getJobUpdate start
[10:06:12] getJobUpdate finished
[10:06:46] getJobUpdate start
[10:06:47] getJobUpdate finished
[10:07:21] getJobUpdate start
[10:07:21] getJobUpdate finished
[10:07:51] getJobUpdate start
[10:07:51] getJobUpdate finished
[10:08:26] getJobUpdate start
[10:08:26] getJobUpdate finished
[10:09:01] getJobUpdate start
[10:09:01] getJobUpdate finished
[10:09:37] getJobUpdate start
[10:09:37] getJobUpdate finished
[10:10:13] getJobUpdate start
[10:10:13] getJobUpdate finished
[10:10:48] getJobUpdate start
[10:10:49] getJobUpdate finished
[10:11:22] getJobUpdate start
[10:11:23] getJobUpdate finished
[10:11:58] getJobUpdate start
[10:11:59] getJobUpdate finished
[10:12:33] getJobUpdate start
[10:12:34] getJobUpdate finished
[10:13:09] getJobUpdate start
[10:13:09] getJobUpdate finished
[10:13:43] getJobUpdate start
[10:13:44] getJobUpdate finished
[10:14:19] getJobUpdate start
[10:14:19] getJobUpdate finished
[10:14:54] getJobUpdate start
[10:14:54] getJobUpdate finished
[10:15:29] getJobUpdate start
[10:15:30] getJobUpdate finished
[10:16:05] getJobUpdate start
[10:16:05] getJobUpdate finished
[10:16:39] getJobUpdate start
[10:16:40] getJobUpdate finished
[10:17:14] getJobUpdate start
[10:17:14] getJobUpdate finished
[10:17:49] getJobUpdate start
[10:17:49] getJobUpdate finished
[10:18:24] getJobUpdate start
[10:18:24] getJobUpdate finished
[10:18:59] getJobUpdate start
[10:18:59] getJobUpdate finished
[10:19:34] getJobUpdate start
[10:19:34] getJobUpdate finished
[10:20:09] getJobUpdate start
[10:20:10] getJobUpdate finished
[10:20:47] getJobUpdate start
[10:20:48] getJobUpdate finished
[10:21:22] getJobUpdate start
[10:21:22] getJobUpdate finished
[10:21:59] getJobUpdate start
[10:21:59] getJobUpdate finished
[10:22:38] getJobUpdate start
[10:22:39] getJobUpdate finished
[10:23:13] getJobUpdate start
[10:23:14] getJobUpdate finished
[10:23:46] getJobUpdate start
[10:23:46] getJobUpdate finished
[10:24:20] getJobUpdate start
[10:24:21] getJobUpdate finished
[10:24:56] getJobUpdate start
[10:24:56] getJobUpdate finished
[10:25:33] getJobUpdate start
[10:25:34] getJobUpdate finished
[10:26:10] getJobUpdate start
[10:26:10] getJobUpdate finished
[10:26:44] getJobUpdate start
[10:26:44] getJobUpdate finished
[10:27:24] getJobUpdate start
[10:27:24] getJobUpdate finished
[10:27:58] getJobUpdate start
[10:27:58] getJobUpdate finished
[10:28:32] getJobUpdate start
[10:28:32] getJobUpdate finished
[10:29:08] getJobUpdate start
[10:29:08] getJobUpdate finished
[10:29:42] getJobUpdate start
[10:29:43] getJobUpdate finished
[10:30:17] getJobUpdate start
[10:30:17] getJobUpdate finished
[10:30:52] getJobUpdate start
[10:30:53] getJobUpdate finished
[10:31:27] getJobUpdate start
[10:31:28] getJobUpdate finished
[10:32:02] getJobUpdate start
[10:32:03] getJobUpdate finished
[10:32:42] getJobUpdate start
[10:32:42] getJobUpdate finished
[10:33:17] getJobUpdate start
[10:33:17] getJobUpdate finished
[10:33:51] getJobUpdate start
[10:33:51] getJobUpdate finished
[10:34:27] getJobUpdate start
[10:34:27] getJobUpdate finished
[10:35:04] getJobUpdate start
[10:35:04] getJobUpdate finished
[10:35:40] getJobUpdate start
[10:35:40] getJobUpdate finished
[10:36:15] getJobUpdate start
[10:36:15] getJobUpdate finished
[10:36:51] getJobUpdate start
[10:36:52] getJobUpdate finished
[10:37:27] getJobUpdate start
[10:37:27] getJobUpdate finished
[10:38:02] getJobUpdate start
[10:38:02] getJobUpdate finished
[10:38:38] getJobUpdate start
[10:38:39] getJobUpdate finished
[10:39:13] getJobUpdate start
[10:39:14] getJobUpdate finished
[10:39:51] getJobUpdate start
[10:39:52] getJobUpdate finished
[10:40:27] getJobUpdate start
[10:40:27] getJobUpdate finished
[10:41:02] getJobUpdate start
[10:41:02] getJobUpdate finished
[10:41:38] getJobUpdate start
[10:41:39] getJobUpdate finished
[10:42:14] getJobUpdate start
[10:42:14] getJobUpdate finished
[10:42:49] getJobUpdate start
[10:42:50] getJobUpdate finished
[10:43:59] getJobUpdate start
[10:44:00] getJobUpdate finished
[10:44:35] getJobUpdate start
[10:44:36] getJobUpdate finished
[10:45:11] getJobUpdate start
[10:45:11] getJobUpdate finished
[10:45:51] getJobUpdate start
[10:45:51] getJobUpdate finished
[10:46:27] getJobUpdate start
[10:46:29] getJobUpdate finished
[10:46:57] getJobUpdate start
[10:46:57] getJobUpdate finished
[10:49:17] getJobUpdate start
[10:49:18] getJobUpdate finished
[10:49:50] getJobUpdate start
[10:49:51] getJobUpdate finished
[10:50:24] getJobUpdate start
[10:50:24] getJobUpdate finished
[10:50:58] getJobUpdate start
[10:50:58] getJobUpdate finished
[10:51:40] getJobUpdate start
[10:51:41] getJobUpdate finished
[10:52:23] getJobUpdate start
[10:52:23] getJobUpdate finished
[10:52:57] getJobUpdate start
[10:52:58] getJobUpdate finished
[10:53:39] getJobUpdate start
[10:53:40] getJobUpdate finished
[10:54:13] getJobUpdate start
[10:54:14] getJobUpdate finished
[10:54:46] getJobUpdate start
[10:54:47] getJobUpdate finished
[10:55:20] getJobUpdate start
[10:55:20] getJobUpdate finished
[10:55:56] getJobUpdate start
[10:55:57] getJobUpdate finished
[10:56:39] getJobUpdate start
[10:56:39] getJobUpdate finished
[10:57:13] getJobUpdate start
[10:57:13] getJobUpdate finished
[10:57:46] getJobUpdate start
[10:57:46] getJobUpdate finished
[10:58:33] getJobUpdate start
[10:58:33] getJobUpdate finished
[10:59:07] getJobUpdate start
[10:59:07] getJobUpdate finished
[10:59:49] getJobUpdate start
[10:59:50] getJobUpdate finished
[11:00:23] getJobUpdate start
[11:00:24] getJobUpdate finished
[11:00:57] getJobUpdate start
[11:00:58] getJobUpdate finished
[11:01:40] getJobUpdate start
[11:01:41] getJobUpdate finished
[11:02:14] getJobUpdate start
[11:02:14] getJobUpdate finished
[11:02:47] getJobUpdate start
[11:02:47] getJobUpdate finished
[11:03:28] getJobUpdate start
[11:03:29] getJobUpdate finished
[11:04:02] getJobUpdate start
[11:04:02] getJobUpdate finished
[11:04:36] getJobUpdate start
[11:04:36] getJobUpdate finished
[11:05:09] getJobUpdate start
[11:05:09] getJobUpdate finished
[11:05:43] getJobUpdate start
[11:05:44] getJobUpdate finished
[11:06:17] getJobUpdate start
[11:06:17] getJobUpdate finished
[11:06:59] getJobUpdate start
[11:06:59] getJobUpdate finished
[11:07:32] getJobUpdate start
[11:07:32] getJobUpdate finished
[11:08:14] getJobUpdate start
[11:08:14] getJobUpdate finished
[11:08:47] getJobUpdate start
[11:08:48] getJobUpdate finished
[11:09:29] getJobUpdate start
[11:09:30] getJobUpdate finished
[11:10:03] getJobUpdate start
[11:10:04] getJobUpdate finished
[11:10:37] getJobUpdate start
[11:10:37] getJobUpdate finished
[11:11:11] getJobUpdate start
[11:11:11] getJobUpdate finished
[11:11:45] getJobUpdate start
[11:11:45] getJobUpdate finished
[11:12:19] getJobUpdate start
[11:12:19] getJobUpdate finished
[11:12:54] getJobUpdate start
[11:12:54] getJobUpdate finished
[11:13:37] getJobUpdate start
[11:13:37] getJobUpdate finished
[11:14:11] getJobUpdate start
[11:14:12] getJobUpdate finished
[11:14:45] getJobUpdate start
[11:14:46] getJobUpdate finished
[11:15:19] getJobUpdate start
[11:15:20] getJobUpdate finished
[11:16:04] getJobUpdate start
[11:16:04] getJobUpdate finished
[11:16:38] getJobUpdate start
[11:16:38] getJobUpdate finished
[11:17:20] getJobUpdate start
[11:17:20] getJobUpdate finished
[11:18:04] getJobUpdate start
[11:18:04] getJobUpdate finished
[11:18:47] getJobUpdate start
[11:18:47] getJobUpdate finished
[11:19:21] getJobUpdate start
[11:19:22] getJobUpdate finished
[11:20:04] getJobUpdate start
[11:20:05] getJobUpdate finished
[11:20:48] getJobUpdate start
[11:20:48] getJobUpdate finished
[11:21:33] getJobUpdate start
[11:21:34] getJobUpdate finished
[11:22:20] getJobUpdate start
[11:22:20] getJobUpdate finished
[11:23:03] getJobUpdate start
[11:23:03] getJobUpdate finished
[11:23:39] getJobUpdate start
[11:23:39] getJobUpdate finished
[11:24:22] getJobUpdate start
[11:24:23] getJobUpdate finished
[11:24:57] getJobUpdate start
[11:24:58] getJobUpdate finished
[11:25:41] getJobUpdate start
[11:25:42] getJobUpdate finished
[11:26:27] getJobUpdate start
[11:26:28] getJobUpdate finished
[11:27:03] getJobUpdate start
[11:27:04] getJobUpdate finished
[11:27:47] getJobUpdate start
[11:27:48] getJobUpdate finished
[11:28:32] getJobUpdate start
[11:28:33] getJobUpdate finished
[11:29:09] getJobUpdate start
[11:29:09] getJobUpdate finished
[11:29:53] getJobUpdate start
[11:29:53] getJobUpdate finished
[11:30:38] getJobUpdate start
[11:30:39] getJobUpdate finished
[11:31:14] getJobUpdate start
[11:31:14] getJobUpdate finished
[11:31:59] getJobUpdate start
[11:31:59] getJobUpdate finished
[11:32:46] getJobUpdate start
[11:32:46] getJobUpdate finished
[11:33:32] getJobUpdate start
[11:33:33] getJobUpdate finished
[11:34:26] getJobUpdate start
[11:34:26] getJobUpdate finished
[11:35:14] getJobUpdate start
[11:35:15] getJobUpdate finished
[11:35:58] getJobUpdate start
[11:35:59] getJobUpdate finished
[11:36:43] getJobUpdate start
[11:36:43] getJobUpdate finished
[11:37:26] getJobUpdate start
[11:37:26] getJobUpdate finished
[11:38:10] getJobUpdate start
[11:38:11] getJobUpdate finished
[11:38:55] getJobUpdate start
[11:38:56] getJobUpdate finished
[11:39:38] getJobUpdate start
[11:39:39] getJobUpdate finished
[11:40:14] getJobUpdate start
[11:40:14] getJobUpdate finished
[11:40:48] getJobUpdate start
[11:40:49] getJobUpdate finished
[11:41:23] getJobUpdate start
[11:41:23] getJobUpdate finished
[11:41:58] getJobUpdate start
[11:41:59] getJobUpdate finished
[11:42:33] getJobUpdate start
[11:42:33] getJobUpdate finished
[11:43:08] getJobUpdate start
[11:43:09] getJobUpdate finished
[11:43:44] getJobUpdate start
[11:43:44] getJobUpdate finished
[11:44:27] getJobUpdate start
[11:44:27] getJobUpdate finished
[11:45:10] getJobUpdate start
[11:45:10] getJobUpdate finished
[11:45:55] getJobUpdate start
[11:45:55] getJobUpdate finished
[11:46:41] getJobUpdate start
[11:46:41] getJobUpdate finished
[11:47:25] getJobUpdate start
[11:47:25] getJobUpdate finished
[11:48:02] getJobUpdate start
[11:48:02] getJobUpdate finished
[11:48:48] getJobUpdate start
[11:48:48] getJobUpdate finished
[11:49:24] getJobUpdate start
[11:49:24] getJobUpdate finished
[11:50:00] getJobUpdate start
[11:50:00] getJobUpdate finished
[11:50:36] getJobUpdate start
[11:50:36] getJobUpdate finished
[11:51:20] getJobUpdate start
[11:51:21] getJobUpdate finished
[11:52:07] getJobUpdate start
[11:52:07] getJobUpdate finished
[11:52:44] getJobUpdate start
[11:52:45] getJobUpdate finished
[11:53:29] getJobUpdate start
[11:53:29] getJobUpdate finished
[11:54:16] getJobUpdate start
[11:54:16] getJobUpdate finished
[11:55:01] getJobUpdate start
[11:55:02] getJobUpdate finished
[11:55:47] getJobUpdate start
[11:55:47] getJobUpdate finished
[11:56:25] getJobUpdate start
[11:56:25] getJobUpdate finished
[11:57:11] getJobUpdate start
[11:57:12] getJobUpdate finished
[11:58:00] getJobUpdate start
[11:58:01] getJobUpdate finished
[11:58:49] getJobUpdate start
[11:58:49] getJobUpdate finished
[11:59:40] getJobUpdate start
[11:59:41] getJobUpdate finished
[12:00:26] getJobUpdate start
[12:00:26] getJobUpdate finished
[12:01:34] getJobUpdate start
[12:01:34] getJobUpdate finished
[12:02:24] getJobUpdate start
[12:02:24] getJobUpdate finished
[12:03:13] getJobUpdate start
[12:03:14] getJobUpdate finished
[12:03:59] getJobUpdate start
[12:04:00] getJobUpdate finished
[12:04:46] getJobUpdate start
[12:04:46] getJobUpdate finished
[12:05:32] getJobUpdate start
[12:05:33] getJobUpdate finished
[12:06:09] getJobUpdate start
[12:06:09] getJobUpdate finished
[12:06:45] getJobUpdate start
[12:06:45] getJobUpdate finished
[12:07:30] getJobUpdate start
[12:07:30] getJobUpdate finished
[12:08:16] getJobUpdate start
[12:08:16] getJobUpdate finished
[12:09:02] getJobUpdate start
[12:09:02] getJobUpdate finished
[12:09:39] getJobUpdate start
[12:09:39] getJobUpdate finished
[12:10:15] getJobUpdate start
[12:10:15] getJobUpdate finished
[12:11:02] getJobUpdate start
[12:11:03] getJobUpdate finished
[12:11:39] getJobUpdate start
[12:11:40] getJobUpdate finished
[12:12:26] getJobUpdate start
[12:12:26] getJobUpdate finished
[12:13:01] getJobUpdate start
[12:13:02] getJobUpdate finished
[12:13:48] getJobUpdate start
[12:13:48] getJobUpdate finished
[12:14:23] getJobUpdate start
[12:14:23] getJobUpdate finished
[12:15:08] getJobUpdate start
[12:15:08] getJobUpdate finished
[12:15:44] getJobUpdate start
[12:15:44] getJobUpdate finished
[12:16:28] getJobUpdate start
[12:16:28] getJobUpdate finished
[12:17:04] getJobUpdate start
[12:17:04] getJobUpdate finished
[12:17:41] getJobUpdate start
[12:17:42] getJobUpdate finished
[12:18:18] getJobUpdate start
[12:18:19] getJobUpdate finished
[12:18:54] getJobUpdate start
[12:18:54] getJobUpdate finished
[12:19:31] getJobUpdate start
[12:19:32] getJobUpdate finished
[12:20:17] getJobUpdate start
[12:20:18] getJobUpdate finished
[12:20:53] getJobUpdate start
[12:20:54] getJobUpdate finished
[12:21:41] getJobUpdate start
[12:21:41] getJobUpdate finished
[12:22:18] getJobUpdate start
[12:22:18] getJobUpdate finished
[12:22:54] getJobUpdate start
[12:22:54] getJobUpdate finished
[12:23:30] getJobUpdate start
[12:23:30] getJobUpdate finished
[12:24:05] getJobUpdate start
[12:24:05] getJobUpdate finished
[12:24:41] getJobUpdate start
[12:24:41] getJobUpdate finished
[12:25:15] getJobUpdate start
[12:25:16] getJobUpdate finished
[12:26:00] getJobUpdate start
[12:26:00] getJobUpdate finished
[12:26:46] getJobUpdate start
[12:26:46] getJobUpdate finished
[12:27:21] getJobUpdate start
[12:27:22] getJobUpdate finished
[12:27:59] getJobUpdate start
[12:27:59] getJobUpdate finished
[12:28:34] getJobUpdate start
[12:28:34] getJobUpdate finished
[12:29:08] getJobUpdate start
[12:29:09] getJobUpdate finished
[12:29:45] getJobUpdate start
[12:29:45] getJobUpdate finished
[12:30:20] getJobUpdate start
[12:30:21] getJobUpdate finished
[12:30:56] getJobUpdate start
[12:30:56] getJobUpdate finished
[12:31:31] getJobUpdate start
[12:31:32] getJobUpdate finished
[12:32:06] getJobUpdate start
[12:32:06] getJobUpdate finished
[12:32:42] getJobUpdate start
[12:32:42] getJobUpdate finished
[12:33:17] getJobUpdate start
[12:33:18] getJobUpdate finished
[12:34:02] getJobUpdate start
[12:34:02] getJobUpdate finished
[12:34:47] getJobUpdate start
[12:34:47] getJobUpdate finished
[12:35:22] getJobUpdate start
[12:35:22] getJobUpdate finished
[12:35:57] getJobUpdate start
[12:35:57] getJobUpdate finished
[12:36:32] getJobUpdate start
[12:36:32] getJobUpdate finished
[12:37:08] getJobUpdate start
[12:37:08] getJobUpdate finished
[12:37:44] getJobUpdate start
[12:37:44] getJobUpdate finished
[12:38:19] getJobUpdate start
[12:38:20] getJobUpdate finished
[12:39:04] getJobUpdate start
[12:39:04] getJobUpdate finished
[12:39:48] getJobUpdate start
[12:39:49] getJobUpdate finished
[12:40:24] getJobUpdate start
[12:40:24] getJobUpdate finished
[12:40:59] getJobUpdate start
[12:40:59] getJobUpdate finished
[12:41:34] getJobUpdate start
[12:41:35] getJobUpdate finished
[12:42:09] getJobUpdate start
[12:42:09] getJobUpdate finished
[12:42:43] getJobUpdate start
[12:42:43] getJobUpdate finished
[12:43:18] getJobUpdate start
[12:43:18] getJobUpdate finished
[12:44:01] getJobUpdate start
[12:44:02] getJobUpdate finished
[12:44:37] getJobUpdate start
[12:44:37] getJobUpdate finished
[12:45:12] getJobUpdate start
[12:45:13] getJobUpdate finished
[12:45:48] getJobUpdate start
[12:45:48] getJobUpdate finished
[12:46:23] getJobUpdate start
[12:46:23] getJobUpdate finished
[12:46:58] getJobUpdate start
[12:46:59] getJobUpdate finished
[12:47:43] getJobUpdate start
[12:47:43] getJobUpdate finished
[12:48:27] getJobUpdate start
[12:48:27] getJobUpdate finished
[12:49:02] getJobUpdate start
[12:49:02] getJobUpdate finished
[12:49:36] getJobUpdate start
[12:49:36] getJobUpdate finished
[12:50:11] getJobUpdate start
[12:50:11] getJobUpdate finished
[12:50:46] getJobUpdate start
[12:50:47] getJobUpdate finished
[12:51:23] getJobUpdate start
[12:51:23] getJobUpdate finished
[12:51:59] getJobUpdate start
[12:51:59] getJobUpdate finished
[12:52:24] 2012.12.11.digitiser_edm_concept_rough/Design 1/Scenario 1 solver finished at Thu 15. Nov 12:52:24 2012 on PHIL-PC with code = 0
